arik@MacBookPro H2 % cdxgen --evidence -p
Obtained only 79 components from 80 jars.
Creating reachables slice for /Users/arik/IdeaProjects/SpringBootVulExploit/Bins/H2. Please wait ...
Unable to identify component evidence for the input SBOM. Only java, javascript, python, swift, and php projects are supported by evinse.
╔══════════════════════════════════════════════════════════════════════════════════════════════════════╗
║                                             BOM summary                                              ║
╟──────────────────────────────────────────────────────────────────────────────────────────────────────╢
║                                                                                                      ║
║                                                                                                      ║
║ ** Generator Tools **                                                                                ║
║ cdxgen (11.0.2)                                                                                      ║
║                                                                                                      ║
║ ** Package Types (1) **                                                                              ║
║ maven                                                                                                ║
║                                                                                                      ║
║ ** Namespaces (40) **                                                                                ║
║ antlr                                                                                                ║
║ ch.qos.logback                                                                                       ║
║ com.fasterxml                                                                                        ║
║ com.fasterxml.jackson.core                                                                           ║
║ com.fasterxml.jackson.datatype                                                                       ║
║ com.fasterxml.jackson.module                                                                         ║
║ com.h2database                                                                                       ║
║ com.sun.istack                                                                                       ║
║ com.sun.xml.fastinfoset                                                                              ║
║ com.zaxxer                                                                                           ║
║ jakarta.activation                                                                                   ║
║ jakarta.annotation                                                                                   ║
║ jakarta.persistence                                                                                  ║
║ jakarta.transaction                                                                                  ║
║ jakarta.validation                                                                                   ║
║ jakarta.xml.bind                                                                                     ║
║ org.apache.logging.log4j                                                                             ║
║ org.apache.tomcat.embed                                                                              ║
║ org.aspectj                                                                                          ║
║ org.bouncycastle                                                                                     ║
║ org.bouncycastle.bcprovider                                                                          ║
║ org.dom4j                                                                                            ║
║ org.glassfish.jaxb                                                                                   ║
║ org.hdrhistogram                                                                                     ║
║ org.hibernate                                                                                        ║
║ org.hibernate.common                                                                                 ║
║ org.hibernate.validator                                                                              ║
║ org.javassist                                                                                        ║
║ org.jboss                                                                                            ║
║ org.jboss.logging                                                                                    ║
║ org.jvnet.staxex                                                                                     ║
║ org.latencyutils                                                                                     ║
║ org.pcollections                                                                                     ║
║ org.slf4j                                                                                            ║
║ org.springframework                                                                                  ║
║ org.springframework.boot                                                                             ║
║ org.springframework.cloud                                                                            ║
║ org.springframework.data                                                                             ║
║ org.springframework.security                                                                         ║
║ org.yaml                                                                                             ║
╚══════════════════════════════════════════════════════════════════════════════════════════════════════╝

╔═══════════════════════════╤═════════════════════════════════════╤═══════════════════════════╤═════════════════╤═══════════════════════════╗
║ Group                     │ Name                                │                   Version │ Scope           │ Tags                      ║
╟───────────────────────────┼─────────────────────────────────────┼───────────────────────────┼─────────────────┼───────────────────────────╢
║ org.glassfish.jaxb        │ txw2                                │                     2.3.2 │                 │                           ║
╟───────────────────────────┼─────────────────────────────────────┼───────────────────────────┼─────────────────┼───────────────────────────╢
║ org.apache.tomcat.embed   │ tomcat-embed-websocket              │                    9.0.27 │                 │ framework                 ║
╟───────────────────────────┼─────────────────────────────────────┼───────────────────────────┼─────────────────┼───────────────────────────╢
║ org.apache.tomcat.embed   │ tomcat-embed-el                     │                    9.0.27 │                 │ framework                 ║
╟───────────────────────────┼─────────────────────────────────────┼───────────────────────────┼─────────────────┼───────────────────────────╢
║ org.apache.tomcat.embed   │ tomcat-embed-core                   │                    9.0.27 │                 │ framework                 ║
╟───────────────────────────┼─────────────────────────────────────┼───────────────────────────┼─────────────────┼───────────────────────────╢
║ org.jvnet.staxex          │ stax-ex                             │                     1.8.1 │                 │                           ║
╟───────────────────────────┼─────────────────────────────────────┼───────────────────────────┼─────────────────┼───────────────────────────╢
║ org.springframework       │ spring-webmvc                       │             5.2.1.RELEASE │                 │ framework                 ║
╟───────────────────────────┼─────────────────────────────────────┼───────────────────────────┼─────────────────┼───────────────────────────╢
║ org.springframework       │ spring-web                          │             5.2.1.RELEASE │                 │ framework                 ║
╟───────────────────────────┼─────────────────────────────────────┼───────────────────────────┼─────────────────┼───────────────────────────╢
║ org.springframework       │ spring-tx                           │             5.2.1.RELEASE │                 │ framework                 ║
╟───────────────────────────┼─────────────────────────────────────┼───────────────────────────┼─────────────────┼───────────────────────────╢
║ org.springframework.secur │ spring-security-rsa                 │             1.0.9.RELEASE │                 │ framework                 ║
║ ity                       │                                     │                           │                 │                           ║
╟───────────────────────────┼─────────────────────────────────────┼───────────────────────────┼─────────────────┼───────────────────────────╢
║ org.springframework.secur │ spring-security-crypto              │             5.2.1.RELEASE │                 │ framework                 ║
║ ity                       │                                     │                           │                 │                           ║
╟───────────────────────────┼─────────────────────────────────────┼───────────────────────────┼─────────────────┼───────────────────────────╢
║ org.springframework       │ spring-orm                          │             5.2.1.RELEASE │                 │ framework                 ║
╟───────────────────────────┼─────────────────────────────────────┼───────────────────────────┼─────────────────┼───────────────────────────╢
║ org.springframework       │ spring-jdbc                         │             5.2.1.RELEASE │                 │ framework                 ║
╟───────────────────────────┼─────────────────────────────────────┼───────────────────────────┼─────────────────┼───────────────────────────╢
║ org.springframework       │ spring-jcl                          │             5.2.1.RELEASE │                 │ framework                 ║
╟───────────────────────────┼─────────────────────────────────────┼───────────────────────────┼─────────────────┼───────────────────────────╢
║ org.springframework       │ spring-expression                   │             5.2.1.RELEASE │                 │ framework                 ║
╟───────────────────────────┼─────────────────────────────────────┼───────────────────────────┼─────────────────┼───────────────────────────╢
║ org.springframework.data  │ spring-data-jpa                     │             2.2.1.RELEASE │                 │ framework                 ║
╟───────────────────────────┼─────────────────────────────────────┼───────────────────────────┼─────────────────┼───────────────────────────╢
║ org.springframework.data  │ spring-data-commons                 │             2.2.1.RELEASE │                 │ framework                 ║
╟───────────────────────────┼─────────────────────────────────────┼───────────────────────────┼─────────────────┼───────────────────────────╢
║ org.springframework       │ spring-core                         │             5.2.1.RELEASE │                 │ framework                 ║
╟───────────────────────────┼─────────────────────────────────────┼───────────────────────────┼─────────────────┼───────────────────────────╢
║ org.springframework       │ spring-context                      │             5.2.1.RELEASE │                 │ framework                 ║
╟───────────────────────────┼─────────────────────────────────────┼───────────────────────────┼─────────────────┼───────────────────────────╢
║ org.springframework.cloud │ spring-cloud-starter-config         │             2.2.1.RELEASE │                 │ framework                 ║
╟───────────────────────────┼─────────────────────────────────────┼───────────────────────────┼─────────────────┼───────────────────────────╢
║ org.springframework.cloud │ spring-cloud-starter                │             2.2.1.RELEASE │                 │ framework                 ║
╟───────────────────────────┼─────────────────────────────────────┼───────────────────────────┼─────────────────┼───────────────────────────╢
║ org.springframework.cloud │ spring-cloud-context                │             2.2.1.RELEASE │                 │ framework                 ║
╟───────────────────────────┼─────────────────────────────────────┼───────────────────────────┼─────────────────┼───────────────────────────╢
║ org.springframework.cloud │ spring-cloud-config-client          │             2.2.1.RELEASE │                 │ framework                 ║
╟───────────────────────────┼─────────────────────────────────────┼───────────────────────────┼─────────────────┼───────────────────────────╢
║ org.springframework.cloud │ spring-cloud-commons                │             2.2.1.RELEASE │                 │ framework                 ║
╟───────────────────────────┼─────────────────────────────────────┼───────────────────────────┼─────────────────┼───────────────────────────╢
║ org.springframework.boot  │ spring-boot-starter-web             │             2.2.1.RELEASE │                 │ framework                 ║
╟───────────────────────────┼─────────────────────────────────────┼───────────────────────────┼─────────────────┼───────────────────────────╢
║ org.springframework.boot  │ spring-boot-starter-validation      │             2.2.1.RELEASE │                 │ framework                 ║
╟───────────────────────────┼─────────────────────────────────────┼───────────────────────────┼─────────────────┼───────────────────────────╢
║ org.springframework.boot  │ spring-boot-starter-tomcat          │             2.2.1.RELEASE │                 │ framework                 ║
╟───────────────────────────┼─────────────────────────────────────┼───────────────────────────┼─────────────────┼───────────────────────────╢
║ org.springframework.boot  │ spring-boot-starter-logging         │             2.2.1.RELEASE │                 │ framework                 ║
╟───────────────────────────┼─────────────────────────────────────┼───────────────────────────┼─────────────────┼───────────────────────────╢
║ org.springframework.boot  │ spring-boot-starter-json            │             2.2.1.RELEASE │                 │ framework                 ║
╟───────────────────────────┼─────────────────────────────────────┼───────────────────────────┼─────────────────┼───────────────────────────╢
║ org.springframework.boot  │ spring-boot-starter-jdbc            │             2.2.1.RELEASE │                 │ framework                 ║
╟───────────────────────────┼─────────────────────────────────────┼───────────────────────────┼─────────────────┼───────────────────────────╢
║ org.springframework.boot  │ spring-boot-starter-data-jpa        │             2.2.1.RELEASE │                 │ framework                 ║
╟───────────────────────────┼─────────────────────────────────────┼───────────────────────────┼─────────────────┼───────────────────────────╢
║ org.springframework.boot  │ spring-boot-starter-aop             │             2.2.1.RELEASE │                 │ framework                 ║
╟───────────────────────────┼─────────────────────────────────────┼───────────────────────────┼─────────────────┼───────────────────────────╢
║ org.springframework.boot  │ spring-boot-starter-actuator        │             2.2.1.RELEASE │                 │ framework                 ║
╟───────────────────────────┼─────────────────────────────────────┼───────────────────────────┼─────────────────┼───────────────────────────╢
║ org.springframework.boot  │ spring-boot-starter                 │             2.2.1.RELEASE │                 │ framework                 ║
╟───────────────────────────┼─────────────────────────────────────┼───────────────────────────┼─────────────────┼───────────────────────────╢
║ org.springframework.boot  │ spring-boot-autoconfigure           │             2.2.1.RELEASE │                 │ framework                 ║
╟───────────────────────────┼─────────────────────────────────────┼───────────────────────────┼─────────────────┼───────────────────────────╢
║ org.springframework.boot  │ spring-boot-actuator-autoconfigure  │             2.2.1.RELEASE │                 │ framework                 ║
╟───────────────────────────┼─────────────────────────────────────┼───────────────────────────┼─────────────────┼───────────────────────────╢
║ org.springframework.boot  │ spring-boot-actuator                │             2.2.1.RELEASE │                 │ framework                 ║
╟───────────────────────────┼─────────────────────────────────────┼───────────────────────────┼─────────────────┼───────────────────────────╢
║ org.springframework.boot  │ spring-boot                         │             2.2.1.RELEASE │                 │ framework                 ║
╟───────────────────────────┼─────────────────────────────────────┼───────────────────────────┼─────────────────┼───────────────────────────╢
║ org.springframework       │ spring-beans                        │             5.2.1.RELEASE │                 │ framework                 ║
╟───────────────────────────┼─────────────────────────────────────┼───────────────────────────┼─────────────────┼───────────────────────────╢
║ org.springframework       │ spring-aspects                      │             5.2.1.RELEASE │                 │ framework                 ║
╟───────────────────────────┼─────────────────────────────────────┼───────────────────────────┼─────────────────┼───────────────────────────╢
║ org.springframework       │ spring-aop                          │             5.2.1.RELEASE │                 │ framework                 ║
╟───────────────────────────┼─────────────────────────────────────┼───────────────────────────┼─────────────────┼───────────────────────────╢
║ org.yaml                  │ snakeyaml                           │                      1.25 │                 │                           ║
╟───────────────────────────┼─────────────────────────────────────┼───────────────────────────┼─────────────────┼───────────────────────────╢
║ org.slf4j                 │ slf4j-api                           │                    1.7.29 │                 │ framework                 ║
╟───────────────────────────┼─────────────────────────────────────┼───────────────────────────┼─────────────────┼───────────────────────────╢
║ org.pcollections          │ pcollections                        │                     3.1.0 │                 │                           ║
╟───────────────────────────┼─────────────────────────────────────┼───────────────────────────┼─────────────────┼───────────────────────────╢
║ ch.qos.logback            │ logback-core                        │                     1.2.3 │                 │                           ║
╟───────────────────────────┼─────────────────────────────────────┼───────────────────────────┼─────────────────┼───────────────────────────╢
║ ch.qos.logback            │ logback-classic                     │                     1.2.3 │                 │                           ║
╟───────────────────────────┼─────────────────────────────────────┼───────────────────────────┼─────────────────┼───────────────────────────╢
║ org.apache.logging.log4j  │ log4j-to-slf4j                      │                    2.12.1 │                 │ framework                 ║
╟───────────────────────────┼─────────────────────────────────────┼───────────────────────────┼─────────────────┼───────────────────────────╢
║ org.apache.logging.log4j  │ log4j-api                           │                    2.12.1 │                 │ framework                 ║
╟───────────────────────────┼─────────────────────────────────────┼───────────────────────────┼─────────────────┼───────────────────────────╢
║ org.slf4j                 │ jul-to-slf4j                        │                    1.7.29 │                 │ framework                 ║
╟───────────────────────────┼─────────────────────────────────────┼───────────────────────────┼─────────────────┼───────────────────────────╢
║ org.jboss.logging         │ jboss-logging                       │               3.4.1.Final │                 │                           ║
╟───────────────────────────┼─────────────────────────────────────┼───────────────────────────┼─────────────────┼───────────────────────────╢
║ org.glassfish.jaxb        │ jaxb-runtime                        │                     2.3.2 │                 │                           ║
╟───────────────────────────┼─────────────────────────────────────┼───────────────────────────┼─────────────────┼───────────────────────────╢
║ org.javassist             │ javassist                           │                 3.24.0-GA │                 │ framework                 ║
╟───────────────────────────┼─────────────────────────────────────┼───────────────────────────┼─────────────────┼───────────────────────────╢
║ org.jboss                 │ jandex                              │               2.0.5.Final │                 │                           ║
╟───────────────────────────┼─────────────────────────────────────┼───────────────────────────┼─────────────────┼───────────────────────────╢
║ jakarta.xml.bind          │ jakarta.xml.bind-api                │                     2.3.2 │                 │                           ║
╟───────────────────────────┼─────────────────────────────────────┼───────────────────────────┼─────────────────┼───────────────────────────╢
║ jakarta.validation        │ jakarta.validation-api              │                     2.0.1 │                 │                           ║
╟───────────────────────────┼─────────────────────────────────────┼───────────────────────────┼─────────────────┼───────────────────────────╢
║ jakarta.transaction       │ jakarta.transaction-api             │                     1.3.3 │                 │                           ║
╟───────────────────────────┼─────────────────────────────────────┼───────────────────────────┼─────────────────┼───────────────────────────╢
║ jakarta.persistence       │ jakarta.persistence-api             │                     2.2.3 │                 │                           ║
╟───────────────────────────┼─────────────────────────────────────┼───────────────────────────┼─────────────────┼───────────────────────────╢
║ jakarta.annotation        │ jakarta.annotation-api              │                     1.3.5 │                 │                           ║
╟───────────────────────────┼─────────────────────────────────────┼───────────────────────────┼─────────────────┼───────────────────────────╢
║ jakarta.activation        │ jakarta.activation-api              │                     1.2.1 │                 │                           ║
╟───────────────────────────┼─────────────────────────────────────┼───────────────────────────┼─────────────────┼───────────────────────────╢
║ com.fasterxml.jackson.mod │ jackson-module-parameter-names      │                    2.10.0 │                 │                           ║
║ ule                       │                                     │                           │                 │                           ║
╟───────────────────────────┼─────────────────────────────────────┼───────────────────────────┼─────────────────┼───────────────────────────╢
║ com.fasterxml.jackson.dat │ jackson-datatype-jsr310             │                    2.10.0 │                 │                           ║
║ atype                     │                                     │                           │                 │                           ║
╟───────────────────────────┼─────────────────────────────────────┼───────────────────────────┼─────────────────┼───────────────────────────╢
║ com.fasterxml.jackson.dat │ jackson-datatype-jdk8               │                    2.10.0 │                 │                           ║
║ atype                     │                                     │                           │                 │                           ║
╟───────────────────────────┼─────────────────────────────────────┼───────────────────────────┼─────────────────┼───────────────────────────╢
║ com.fasterxml.jackson.cor │ jackson-databind                    │                    2.10.0 │                 │                           ║
║ e                         │                                     │                           │                 │                           ║
╟───────────────────────────┼─────────────────────────────────────┼───────────────────────────┼─────────────────┼───────────────────────────╢
║ com.fasterxml.jackson.cor │ jackson-core                        │                    2.10.0 │                 │                           ║
║ e                         │                                     │                           │                 │                           ║
╟───────────────────────────┼─────────────────────────────────────┼───────────────────────────┼─────────────────┼───────────────────────────╢
║ com.fasterxml.jackson.cor │ jackson-annotations                 │                    2.10.0 │                 │                           ║
║ e                         │                                     │                           │                 │                           ║
╟───────────────────────────┼─────────────────────────────────────┼───────────────────────────┼─────────────────┼───────────────────────────╢
║ com.sun.istack            │ istack-commons-runtime              │                     3.0.8 │                 │                           ║
╟───────────────────────────┼─────────────────────────────────────┼───────────────────────────┼─────────────────┼───────────────────────────╢
║ org.hibernate.validator   │ hibernate-validator                 │              6.0.18.Final │                 │ framework                 ║
╟───────────────────────────┼─────────────────────────────────────┼───────────────────────────┼─────────────────┼───────────────────────────╢
║ org.hibernate             │ hibernate-core                      │               5.4.8.Final │                 │ framework                 ║
╟───────────────────────────┼─────────────────────────────────────┼───────────────────────────┼─────────────────┼───────────────────────────╢
║ org.hibernate.common      │ hibernate-commons-annotations       │               5.1.0.Final │                 │ framework                 ║
╟───────────────────────────┼─────────────────────────────────────┼───────────────────────────┼─────────────────┼───────────────────────────╢
║ com.h2database            │ h2                                  │                   1.4.200 │                 │                           ║
╟───────────────────────────┼─────────────────────────────────────┼───────────────────────────┼─────────────────┼───────────────────────────╢
║ org.dom4j                 │ dom4j                               │                     2.1.1 │                 │                           ║
╟───────────────────────────┼─────────────────────────────────────┼───────────────────────────┼─────────────────┼───────────────────────────╢
║ com.fasterxml             │ classmate                           │                     1.5.1 │                 │                           ║
╟───────────────────────────┼─────────────────────────────────────┼───────────────────────────┼─────────────────┼───────────────────────────╢
║ org.bouncycastle.bcprovid │ bcprov-jdk15on                      │                      1.64 │                 │ framework                 ║
║ er                        │                                     │                           │                 │                           ║
╟───────────────────────────┼─────────────────────────────────────┼───────────────────────────┼─────────────────┼───────────────────────────╢
║ org.bouncycastle          │ bcpkix-jdk15on                      │                      1.64 │                 │ framework                 ║
╟───────────────────────────┼─────────────────────────────────────┼───────────────────────────┼─────────────────┼───────────────────────────╢
║ org.aspectj               │ aspectjweaver                       │                     1.9.4 │                 │                           ║
╟───────────────────────────┼─────────────────────────────────────┼───────────────────────────┼─────────────────┼───────────────────────────╢
║ antlr                     │ antlr                               │                     2.7.7 │                 │                           ║
╟───────────────────────────┼─────────────────────────────────────┼───────────────────────────┼─────────────────┼───────────────────────────╢
║ org.latencyutils          │ LatencyUtils                        │                     2.0.3 │                 │                           ║
╟───────────────────────────┼─────────────────────────────────────┼───────────────────────────┼─────────────────┼───────────────────────────╢
║ com.zaxxer                │ HikariCP                            │                     3.4.1 │                 │                           ║
╟───────────────────────────┼─────────────────────────────────────┼───────────────────────────┼─────────────────┼───────────────────────────╢
║ org.hdrhistogram          │ HdrHistogram                        │                    2.1.11 │                 │                           ║
╟───────────────────────────┼─────────────────────────────────────┼───────────────────────────┼─────────────────┼───────────────────────────╢
║ com.sun.xml.fastinfoset   │ FastInfoset                         │                    1.2.16 │                 │                           ║
╚═══════════════════════════╧═════════════════════════════════════╧═══════════════════════════╧═════════════════╧═══════════════════════════╝
BOM includes 79 components and 0 dependencies
arik@MacBookPro H2 % ll
total 91088
drwxr-xr-x  9 arik  staff       288 נוב 26 10:14 .
drwxr-xr-x  4 arik  staff       128 נוב 26 10:13 ..
-rw-r--r--@ 1 arik  staff     16384 נוב 26 10:14 app.atom
-rw-r--r--  1 arik  staff     42460 נוב 26 10:14 bom.json
-rw-r--r--@ 1 arik  staff        14 נוב 26 10:14 deps.slices.json
-rw-r--r--@ 1 arik  staff        17 נוב 26 10:14 reachables.slices.json
-rw-r--r--  1 arik  staff  46556947 נוב 26 10:11 springboot-h2-database-rce-1.0-SNAPSHOT.jar
-rw-r--r--  1 arik  staff      3993 נוב 26 10:11 springboot-h2-database-rce-1.0-SNAPSHOT.jar.original
-rw-r--r--@ 1 arik  staff        41 נוב 26 10:14 usages.slices.json
arik@MacBookPro H2 %
